[debug] [2025-12-29T13:56:44.190Z] ----------------------------------------------------------------------
[debug] [2025-12-29T13:56:44.193Z] Command:       C:\Program Files\nodejs\node.exe C:\Users\busin\AppData\Roaming\npm\node_modules\firebase-tools\lib\bin\firebase.js init hosting
[debug] [2025-12-29T13:56:44.194Z] CLI Version:   15.0.0
[debug] [2025-12-29T13:56:44.194Z] Platform:      win32
[debug] [2025-12-29T13:56:44.194Z] Node Version:  v25.2.1
[debug] [2025-12-29T13:56:44.194Z] Time:          Mon Dec 29 2025 23:56:44 GMT+1000 (Australian Eastern Standard Time)
[debug] [2025-12-29T13:56:44.194Z] ----------------------------------------------------------------------
[debug] 
[info] 
     ######## #### ########  ######## ########     ###     ######  ########
     ##        ##  ##     ## ##       ##     ##  ##   ##  ##       ##
     ######    ##  ########  ######   ########  #########  ######  ######
     ##        ##  ##    ##  ##       ##     ## ##     ##       ## ##
     ##       #### ##     ## ######## ########  ##     ##  ######  ########

You're about to initialize a Firebase project in this directory:

  C:\users\busin\ecommerce-frontend

Before we get started, keep in mind:

  * You are initializing within an existing Firebase project directory

[info] 
=== Project Setup
[info] 
[info] First, let's associate this project directory with a Firebase project.
[info] You can create multiple project aliases by running firebase use --add, 
[info] 
[debug] [2025-12-29T13:56:51.279Z] > command requires scopes: ["email","openid","https://www.googleapis.com/auth/cloudplatformprojects.readonly","https://www.googleapis.com/auth/firebase","https://www.googleapis.com/auth/cloud-platform"]
[debug] [2025-12-29T13:56:51.279Z] > authorizing via signed-in user (kathyhardy@maniacdigitalsolutions.com)
[debug] [2025-12-29T13:56:51.280Z] Checked if tokens are valid: false, expires at: 1765834346576
[debug] [2025-12-29T13:56:51.280Z] Checked if tokens are valid: false, expires at: 1765834346576
[debug] [2025-12-29T13:56:51.280Z] > refreshing access token with scopes: []
[debug] [2025-12-29T13:56:51.282Z] >>> [apiv2][query] POST https://www.googleapis.com/oauth2/v3/token [none]
[debug] [2025-12-29T13:56:51.283Z] >>> [apiv2][body] POST https://www.googleapis.com/oauth2/v3/token [omitted]
[debug] [2025-12-29T13:56:51.614Z] <<< [apiv2][status] POST https://www.googleapis.com/oauth2/v3/token 400
[debug] [2025-12-29T13:56:51.614Z] <<< [apiv2][body] POST https://www.googleapis.com/oauth2/v3/token [omitted]
[error] Authentication Error: Your credentials are no longer valid. Please run firebase login --reauth

For CI servers and headless environments, generate a new token with firebase login:ci
[error] Authentication Error: Your credentials are no longer valid. Please run firebase login --reauth

For CI servers and headless environments, generate a new token with firebase login:ci
[debug] [2025-12-29T13:56:51.616Z] Authentication Error: Your credentials are no longer valid. Please run firebase login --reauth

For CI servers and headless environments, generate a new token with firebase login:ci
[debug] [2025-12-29T13:56:51.878Z] FirebaseError: Authentication Error: Your credentials are no longer valid. Please run firebase login --reauth

For CI servers and headless environments, generate a new token with firebase login:ci
    at invalidCredentialError (C:\Users\busin\AppData\Roaming\npm\node_modules\firebase-tools\lib\auth.js:167:12)
    at refreshTokens (C:\Users\busin\AppData\Roaming\npm\node_modules\firebase-tools\lib\auth.js:591:15)
    at process.processTicksAndRejections (node:internal/process/task_queues:103:5)
    at async getAccessToken (C:\Users\busin\AppData\Roaming\npm\node_modules\firebase-tools\lib\apiv2.js:42:18)
    at async Client.addAuthHeader (C:\Users\busin\AppData\Roaming\npm\node_modules\firebase-tools\lib\apiv2.js:169:21)
    at async Client.request (C:\Users\busin\AppData\Roaming\npm\node_modules\firebase-tools\lib\apiv2.js:120:34)
    at async getProjectPage (C:\Users\busin\AppData\Roaming\npm\node_modules\firebase-tools\lib\management\projects.js:279:17)
    at async getFirebaseProjectPage (C:\Users\busin\AppData\Roaming\npm\node_modules\firebase-tools\lib\management\projects.js:296:23)
    at async selectProjectInteractively (C:\Users\busin\AppData\Roaming\npm\node_modules\firebase-tools\lib\management\projects.js:138:41)
    at async Object.doSetup (C:\Users\busin\AppData\Roaming\npm\node_modules\firebase-tools\lib\init\features\project.js:57:24)
[error] 
[error] Error: Failed to list Firebase projects. See firebase-debug.log for more info.
[debug] [2025-12-29T13:57:14.678Z] ----------------------------------------------------------------------
[debug] [2025-12-29T13:57:14.680Z] Command:       C:\Program Files\nodejs\node.exe C:\Users\busin\AppData\Roaming\npm\node_modules\firebase-tools\lib\bin\firebase.js init hosting
[debug] [2025-12-29T13:57:14.680Z] CLI Version:   15.0.0
[debug] [2025-12-29T13:57:14.680Z] Platform:      win32
[debug] [2025-12-29T13:57:14.680Z] Node Version:  v25.2.1
[debug] [2025-12-29T13:57:14.680Z] Time:          Mon Dec 29 2025 23:57:14 GMT+1000 (Australian Eastern Standard Time)
[debug] [2025-12-29T13:57:14.680Z] ----------------------------------------------------------------------
[debug] 
[info] 
     ######## #### ########  ######## ########     ###     ######  ########
     ##        ##  ##     ## ##       ##     ##  ##   ##  ##       ##
     ######    ##  ########  ######   ########  #########  ######  ######
     ##        ##  ##    ##  ##       ##     ## ##     ##       ## ##
     ##       #### ##     ## ######## ########  ##     ##  ######  ########

You're about to initialize a Firebase project in this directory:

  C:\users\busin\ecommerce-frontend

Before we get started, keep in mind:

  * You are initializing within an existing Firebase project directory

[info] 
=== Project Setup
[info] 
[info] First, let's associate this project directory with a Firebase project.
[info] You can create multiple project aliases by running firebase use --add, 
[info] 
[debug] [2025-12-29T13:57:40.402Z] > command requires scopes: ["email","openid","https://www.googleapis.com/auth/cloudplatformprojects.readonly","https://www.googleapis.com/auth/firebase","https://www.googleapis.com/auth/cloud-platform"]
[debug] [2025-12-29T13:57:40.402Z] > authorizing via signed-in user (kathyhardy@maniacdigitalsolutions.com)
[debug] [2025-12-29T13:57:40.404Z] Checked if tokens are valid: false, expires at: 1765834346576
[debug] [2025-12-29T13:57:40.404Z] Checked if tokens are valid: false, expires at: 1765834346576
[debug] [2025-12-29T13:57:40.404Z] > refreshing access token with scopes: []
[debug] [2025-12-29T13:57:40.406Z] >>> [apiv2][query] POST https://www.googleapis.com/oauth2/v3/token [none]
[debug] [2025-12-29T13:57:40.406Z] >>> [apiv2][body] POST https://www.googleapis.com/oauth2/v3/token [omitted]
[debug] [2025-12-29T13:57:40.738Z] <<< [apiv2][status] POST https://www.googleapis.com/oauth2/v3/token 400
[debug] [2025-12-29T13:57:40.738Z] <<< [apiv2][body] POST https://www.googleapis.com/oauth2/v3/token [omitted]
[error] Authentication Error: Your credentials are no longer valid. Please run firebase login --reauth

For CI servers and headless environments, generate a new token with firebase login:ci
[error] Authentication Error: Your credentials are no longer valid. Please run firebase login --reauth

For CI servers and headless environments, generate a new token with firebase login:ci
[debug] [2025-12-29T13:57:40.740Z] Authentication Error: Your credentials are no longer valid. Please run firebase login --reauth

For CI servers and headless environments, generate a new token with firebase login:ci
[debug] [2025-12-29T13:57:41.010Z] FirebaseError: Authentication Error: Your credentials are no longer valid. Please run firebase login --reauth

For CI servers and headless environments, generate a new token with firebase login:ci
    at invalidCredentialError (C:\Users\busin\AppData\Roaming\npm\node_modules\firebase-tools\lib\auth.js:167:12)
    at refreshTokens (C:\Users\busin\AppData\Roaming\npm\node_modules\firebase-tools\lib\auth.js:591:15)
    at process.processTicksAndRejections (node:internal/process/task_queues:103:5)
    at async getAccessToken (C:\Users\busin\AppData\Roaming\npm\node_modules\firebase-tools\lib\apiv2.js:42:18)
    at async Client.addAuthHeader (C:\Users\busin\AppData\Roaming\npm\node_modules\firebase-tools\lib\apiv2.js:169:21)
    at async Client.request (C:\Users\busin\AppData\Roaming\npm\node_modules\firebase-tools\lib\apiv2.js:120:34)
    at async getProjectPage (C:\Users\busin\AppData\Roaming\npm\node_modules\firebase-tools\lib\management\projects.js:279:17)
    at async getAvailableCloudProjectPage (C:\Users\busin\AppData\Roaming\npm\node_modules\firebase-tools\lib\management\projects.js:311:16)
    at async promptAvailableProjectId (C:\Users\busin\AppData\Roaming\npm\node_modules\firebase-tools\lib\management\projects.js:188:41)
    at async Object.doSetup (C:\Users\busin\AppData\Roaming\npm\node_modules\firebase-tools\lib\init\features\project.js:70:78)
[error] 
[error] Error: Failed to list available Google Cloud Platform projects. See firebase-debug.log for more info.
